<?xml version="1.0" encoding="UTF-8"?>
<testsuite name="ru.nsu.chepik.HeapTest" tests="4" skipped="0" failures="0" errors="0" timestamp="2024-09-30T06:37:33" hostname="DESKTOP-NV52M3R" time="32.673">
  <properties/>
  <testcase name="test_sort_tree_numbers()" classname="ru.nsu.chepik.HeapTest" time="0.104"/>
  <testcase name="main_test()" classname="ru.nsu.chepik.HeapTest" time="0.01"/>
  <testcase name="empty_array()" classname="ru.nsu.chepik.HeapTest" time="0.005"/>
  <testcase name="n_tests()" classname="ru.nsu.chepik.HeapTest" time="32.538"/>
  <system-out><![CDATA[All 1000 tests passed successfully!
]]></system-out>
  <system-err><![CDATA[]]></system-err>
</testsuite>
