<?xml version="1.0" encoding="UTF-8"?>
<testsuite name="ru.nsu.chepik.MainTest" tests="1" skipped="0" failures="0" errors="0" timestamp="2024-12-08T17:58:41" hostname="DESKTOP-NV52M3R" time="56.052">
  <properties/>
  <testcase name="bigDataTest()" classname="ru.nsu.chepik.MainTest" time="56.052"/>
  <system-out><![CDATA[]]></system-out>
  <system-err><![CDATA[]]></system-err>
</testsuite>
